[2021-04-06 21:35:53,385] SEVERE {b7a.log.crash} - null 
java.lang.NullPointerException
	at org.wso2.ballerinalang.compiler.semantics.analyzer.TaintAnalyzer.isMutableVariable(TaintAnalyzer.java:739)
	at org.wso2.ballerinalang.compiler.semantics.analyzer.TaintAnalyzer.isMutableVariable(TaintAnalyzer.java:737)
	at org.wso2.ballerinalang.compiler.semantics.analyzer.TaintAnalyzer.visitAssignment(TaintAnalyzer.java:675)
	at org.wso2.ballerinalang.compiler.semantics.analyzer.TaintAnalyzer.updateArgTaintedStatus(TaintAnalyzer.java:2941)
	at org.wso2.ballerinalang.compiler.semantics.analyzer.TaintAnalyzer.updateArgTaintedStatus(TaintAnalyzer.java:2919)
	at org.wso2.ballerinalang.compiler.semantics.analyzer.TaintAnalyzer.analyzeInvocation(TaintAnalyzer.java:2625)
	at org.wso2.ballerinalang.compiler.semantics.analyzer.TaintAnalyzer.visit(TaintAnalyzer.java:1199)
	at org.wso2.ballerinalang.compiler.tree.expressions.BLangInvocation.accept(BLangInvocation.java:115)
	at org.wso2.ballerinalang.compiler.semantics.analyzer.TaintAnalyzer.analyzeNode(TaintAnalyzer.java:1814)
	at org.wso2.ballerinalang.compiler.semantics.analyzer.TaintAnalyzer.visit(TaintAnalyzer.java:836)
	at org.wso2.ballerinalang.compiler.tree.statements.BLangExpressionStmt.accept(BLangExpressionStmt.java:47)
	at org.wso2.ballerinalang.compiler.semantics.analyzer.TaintAnalyzer.analyzeNode(TaintAnalyzer.java:1814)
	at org.wso2.ballerinalang.compiler.semantics.analyzer.TaintAnalyzer.visit(TaintAnalyzer.java:460)
	at org.wso2.ballerinalang.compiler.tree.BLangBlockFunctionBody.accept(BLangBlockFunctionBody.java:58)
	at org.wso2.ballerinalang.compiler.semantics.analyzer.TaintAnalyzer.analyzeNode(TaintAnalyzer.java:1814)
	at org.wso2.ballerinalang.compiler.semantics.analyzer.TaintAnalyzer.analyzeReturnTaintedStatus(TaintAnalyzer.java:2256)
	at org.wso2.ballerinalang.compiler.semantics.analyzer.TaintAnalyzer.analyzeReturnTaintedStatus(TaintAnalyzer.java:2177)
	at org.wso2.ballerinalang.compiler.semantics.analyzer.TaintAnalyzer.analyzeAllParamsUntaintedReturnTaintedStatus(TaintAnalyzer.java:2107)
	at org.wso2.ballerinalang.compiler.semantics.analyzer.TaintAnalyzer.visitInvokable(TaintAnalyzer.java:2022)
	at org.wso2.ballerinalang.compiler.semantics.analyzer.TaintAnalyzer.visit(TaintAnalyzer.java:441)
	at org.wso2.ballerinalang.compiler.semantics.analyzer.TaintAnalyzer.visitAttachedInvokable(TaintAnalyzer.java:2093)
	at org.wso2.ballerinalang.compiler.semantics.analyzer.TaintAnalyzer.visit(TaintAnalyzer.java:422)
	at org.wso2.ballerinalang.compiler.semantics.analyzer.TaintAnalyzer.visit(TaintAnalyzer.java:405)
	at org.wso2.ballerinalang.compiler.tree.BLangResourceFunction.accept(BLangResourceFunction.java:40)
	at org.wso2.ballerinalang.compiler.semantics.analyzer.TaintAnalyzer.analyzeNode(TaintAnalyzer.java:1814)
	at org.wso2.ballerinalang.compiler.semantics.analyzer.TaintAnalyzer.lambda$visit$9(TaintAnalyzer.java:379)
	at java.base/java.util.ArrayList.forEach(ArrayList.java:1541)
	at org.wso2.ballerinalang.compiler.semantics.analyzer.TaintAnalyzer.visit(TaintAnalyzer.java:379)
	at org.wso2.ballerinalang.compiler.tree.BLangClassDefinition.accept(BLangClassDefinition.java:106)
	at org.wso2.ballerinalang.compiler.semantics.analyzer.TaintAnalyzer.lambda$analyzeNode$6(TaintAnalyzer.java:346)
	at java.base/java.util.stream.ForEachOps$ForEachOp$OfRef.accept(ForEachOps.java:183)
	at java.base/java.util.stream.ReferencePipeline$2$1.accept(ReferencePipeline.java:177)
	at java.base/java.util.ArrayList$ArrayListSpliterator.forEachRemaining(ArrayList.java:1655)
	at java.base/java.util.stream.AbstractPipeline.copyInto(AbstractPipeline.java:484)
	at java.base/java.util.stream.AbstractPipeline.wrapAndCopyInto(AbstractPipeline.java:474)
	at java.base/java.util.stream.ForEachOps$ForEachOp.evaluateSequential(ForEachOps.java:150)
	at java.base/java.util.stream.ForEachOps$ForEachOp$OfRef.evaluateSequential(ForEachOps.java:173)
	at java.base/java.util.stream.AbstractPipeline.evaluate(AbstractPipeline.java:234)
	at java.base/java.util.stream.ReferencePipeline.forEach(ReferencePipeline.java:497)
	at org.wso2.ballerinalang.compiler.semantics.analyzer.TaintAnalyzer.analyzeNode(TaintAnalyzer.java:343)
	at org.wso2.ballerinalang.compiler.semantics.analyzer.TaintAnalyzer.analyze(TaintAnalyzer.java:310)
	at org.wso2.ballerinalang.compiler.semantics.analyzer.TaintAnalyzer.visit(TaintAnalyzer.java:294)
	at org.wso2.ballerinalang.compiler.tree.BLangPackage.accept(BLangPackage.java:165)
	at org.wso2.ballerinalang.compiler.semantics.analyzer.TaintAnalyzer.analyze(TaintAnalyzer.java:276)
	at io.ballerina.projects.internal.CompilerPhaseRunner.taintAnalyze(CompilerPhaseRunner.java:237)
	at io.ballerina.projects.internal.CompilerPhaseRunner.performTypeCheckPhases(CompilerPhaseRunner.java:140)
	at io.ballerina.projects.ModuleContext.compileInternal(ModuleContext.java:375)
	at io.ballerina.projects.ModuleCompilationState$1.compile(ModuleCompilationState.java:45)
	at io.ballerina.projects.ModuleContext.compile(ModuleContext.java:323)
	at io.ballerina.projects.PackageCompilation.compileModulesInternal(PackageCompilation.java:176)
	at io.ballerina.projects.PackageCompilation.compileModules(PackageCompilation.java:168)
	at io.ballerina.projects.PackageCompilation.from(PackageCompilation.java:97)
	at io.ballerina.projects.PackageContext.getPackageCompilation(PackageContext.java:206)
	at io.ballerina.projects.Package.getCompilation(Package.java:130)
	at io.ballerina.cli.task.CompileTask.execute(CompileTask.java:68)
	at io.ballerina.cli.TaskExecutor.executeTasks(TaskExecutor.java:40)
	at io.ballerina.cli.cmd.RunCommand.execute(RunCommand.java:166)
	at java.base/java.util.Optional.ifPresent(Optional.java:183)
	at io.ballerina.cli.launcher.Main.main(Main.java:58)
 
